<?xml version="1.0" encoding="UTF-8"?>
<!-- Generated by org.testng.reporters.JUnitReportReporter -->
<testsuite hostname="Venu" failures="0" tests="2" name="Testng" time="88.211" errors="0" timestamp="2024-05-18T15:52:22 IST" skipped="0">
  <testcase classname="Testng" name="myfirsttestng" time="47.970"/>
  <system-out/>
  <testcase classname="Testng" name="myfirsttestng" time="40.241"/>
  <system-out/>
</testsuite> <!-- Testng -->
