<?xml version="1.0" encoding="UTF-8"?>
<!-- Generated by org.testng.reporters.JUnitReportReporter -->
<testsuite hostname="Venu" failures="0" tests="2" name="Testng.Firsttest" time="0.010" errors="0" timestamp="2024-06-11T08:59:10 IST" skipped="0">
  <testcase classname="Testng.Firsttest" name="secondMethod" time="0.007"/>
  <system-out/>
  <testcase classname="Testng.Firsttest" name="firstMethod" time="0.003"/>
  <system-out/>
</testsuite> <!-- Testng.Firsttest -->
